Determining if the pthread_create exist failed with the following output:
Change Dir: /home/joeljebitto/Dev/ROS/melodic/W1-TurtleBot3/build/CMakeFiles/CMakeTmp

Run Build Command:"/usr/bin/make" "cmTC_b09ec/fast"
/usr/bin/make -f CMakeFiles/cmTC_b09ec.dir/build.make CMakeFiles/cmTC_b09ec.dir/build
make[1]: Entering directory '/home/joeljebitto/Dev/ROS/melodic/W1-TurtleBot3/build/CMakeFiles/CMakeTmp'
Building C object CMakeFiles/cmTC_b09ec.dir/CheckSymbolExists.c.o
/usr/bin/cc    -o CMakeFiles/cmTC_b09ec.dir/CheckSymbolExists.c.o   -c /home/joeljebitto/Dev/ROS/melodic/W1-TurtleBot3/build/CMakeFiles/CMakeTmp/CheckSymbolExists.c
Linking C executable cmTC_b09ec
/usr/bin/cmake -E cmake_link_script CMakeFiles/cmTC_b09ec.dir/link.txt --verbose=1
/usr/bin/cc      -rdynamic CMakeFiles/cmTC_b09ec.dir/CheckSymbolExists.c.o  -o cmTC_b09ec 
CMakeFiles/cmTC_b09ec.dir/CheckSymbolExists.c.o: In function `main':
CheckSymbolExists.c:(.text+0x1b): undefined reference to `pthread_create'
collect2: error: ld returned 1 exit status
CMakeFiles/cmTC_b09ec.dir/build.make:97: recipe for target 'cmTC_b09ec' failed
make[1]: *** [cmTC_b09ec] Error 1
make[1]: Leaving directory '/home/joeljebitto/Dev/ROS/melodic/W1-TurtleBot3/build/CMakeFiles/CMakeTmp'
Makefile:126: recipe for target 'cmTC_b09ec/fast' failed
make: *** [cmTC_b09ec/fast] Error 2

File /home/joeljebitto/Dev/ROS/melodic/W1-TurtleBot3/build/CMakeFiles/CMakeTmp/CheckSymbolExists.c:
/* */
#include <pthread.h>

int main(int argc, char** argv)
{
  (void)argv;
#ifndef pthread_create
  return ((int*)(&pthread_create))[argc];
#else
  (void)argc;
  return 0;
#endif
}

Determining if the function pthread_create exists in the pthreads failed with the following output:
Change Dir: /home/joeljebitto/Dev/ROS/melodic/W1-TurtleBot3/build/CMakeFiles/CMakeTmp

Run Build Command:"/usr/bin/make" "cmTC_88f8c/fast"
/usr/bin/make -f CMakeFiles/cmTC_88f8c.dir/build.make CMakeFiles/cmTC_88f8c.dir/build
make[1]: Entering directory '/home/joeljebitto/Dev/ROS/melodic/W1-TurtleBot3/build/CMakeFiles/CMakeTmp'
Building C object CMakeFiles/cmTC_88f8c.dir/CheckFunctionExists.c.o
/usr/bin/cc   -DCHECK_FUNCTION_EXISTS=pthread_create   -o CMakeFiles/cmTC_88f8c.dir/CheckFunctionExists.c.o   -c /usr/share/cmake-3.10/Modules/CheckFunctionExists.c
Linking C executable cmTC_88f8c
/usr/bin/cmake -E cmake_link_script CMakeFiles/cmTC_88f8c.dir/link.txt --verbose=1
/usr/bin/cc  -DCHECK_FUNCTION_EXISTS=pthread_create    -rdynamic CMakeFiles/cmTC_88f8c.dir/CheckFunctionExists.c.o  -o cmTC_88f8c -lpthreads 
/usr/bin/ld: cannot find -lpthreads
collect2: error: ld returned 1 exit status
CMakeFiles/cmTC_88f8c.dir/build.make:97: recipe for target 'cmTC_88f8c' failed
make[1]: *** [cmTC_88f8c] Error 1
make[1]: Leaving directory '/home/joeljebitto/Dev/ROS/melodic/W1-TurtleBot3/build/CMakeFiles/CMakeTmp'
Makefile:126: recipe for target 'cmTC_88f8c/fast' failed
make: *** [cmTC_88f8c/fast] Error 2


